[debug] [2022-10-07T14:04:40.195Z] ----------------------------------------------------------------------
[debug] [2022-10-07T14:04:40.200Z] Command:       C:\Program Files\nodejs\node.exe C:\Users\N1\AppData\Roaming\npm\node_modules\firebase-tools\lib\bin\firebase.js init
[debug] [2022-10-07T14:04:40.201Z] CLI Version:   11.14.1
[debug] [2022-10-07T14:04:40.201Z] Platform:      win32
[debug] [2022-10-07T14:04:40.202Z] Node Version:  v16.14.2
[debug] [2022-10-07T14:04:40.204Z] Time:          Fri Oct 07 2022 16:04:40 GMT+0200 (Eastern European Standard Time)
[debug] [2022-10-07T14:04:40.204Z] ----------------------------------------------------------------------
[debug] 
[debug] [2022-10-07T14:04:40.223Z] > command requires scopes: ["email","openid","https://www.googleapis.com/auth/cloudplatformprojects.readonly","https://www.googleapis.com/auth/firebase","https://www.googleapis.com/auth/cloud-platform"]
[debug] [2022-10-07T14:04:40.225Z] > authorizing via signed-in user (tahashabaan713@gmail.com)
[info] 
     ######## #### ########  ######## ########     ###     ######  ########
     ##        ##  ##     ## ##       ##     ##  ##   ##  ##       ##
     ######    ##  ########  ######   ########  #########  ######  ######
     ##        ##  ##    ##  ##       ##     ## ##     ##       ## ##
     ##       #### ##     ## ######## ########  ##     ##  ######  ########

You're about to initialize a Firebase project in this directory:

  X:\kalBanan\udemy\react-max\Movie-React__APP\Movie_App

[info] 
=== Project Setup
[info] 
[info] First, let's associate this project directory with a Firebase project.
[info] You can create multiple project aliases by running firebase use --add, 
[info] but for now we'll just set up a default project.
[info] 
[info] i  If you want to create a project in a Google Cloud organization or folder, please use "firebase projects:create" instead, and return to this command when you've created the project. 
[debug] [2022-10-07T14:05:32.850Z] >>> [apiv2][query] POST https://cloudresourcemanager.googleapis.com/v1/projects [none]
[debug] [2022-10-07T14:05:32.851Z] >>> [apiv2][body] POST https://cloudresourcemanager.googleapis.com/v1/projects {"projectId":"build","name":"Movie_React_App"}
[debug] [2022-10-07T14:05:33.821Z] <<< [apiv2][status] POST https://cloudresourcemanager.googleapis.com/v1/projects 400
[debug] [2022-10-07T14:05:33.821Z] <<< [apiv2][body] POST https://cloudresourcemanager.googleapis.com/v1/projects {"error":{"code":400,"message":"Request contains an invalid argument.","status":"INVALID_ARGUMENT","details":[{"@type":"type.googleapis.com/google.rpc.BadRequest","fieldViolations":[{"field":"project_id","description":"project_id must be at least 6 characters long"},{"field":"display_name","description":"project display name contains invalid characters"}]},{"@type":"type.googleapis.com/google.rpc.Help","links":[{"url":"https://cloud.google.com/resource-manager/reference/rest/v1/projects"}]}]}}
[debug] [2022-10-07T14:05:34.095Z] FirebaseError: HTTP Error: 400, Request contains an invalid argument.
    at responseToError (C:\Users\N1\AppData\Roaming\npm\node_modules\firebase-tools\lib\responseToError.js:49:12)
    at RetryOperation._fn (C:\Users\N1\AppData\Roaming\npm\node_modules\firebase-tools\lib\apiv2.js:288:77)
    at processTicksAndRejections (node:internal/process/task_queues:96:5)
[error] 
[error] Error: Failed to create project. See firebase-debug.log for more info.
